<?xml version="1.0" encoding="UTF-8"?>
<testsuite name="ad.AlgorithmsTest" tests="1" skipped="0" failures="0" errors="0" timestamp="2022-10-04T15:23:19" hostname="pYmeonLee" time="0.014">
  <properties/>
  <testcase name="someAlgorithmsMethodReturnsTrue()" classname="ad.AlgorithmsTest" time="0.014"/>
  <system-out><![CDATA[]]></system-out>
  <system-err><![CDATA[]]></system-err>
</testsuite>
